2021-08-29 01:04:57 [INFO] - [Sub] Connection [id: 0] created for ***Aggregate Trade for btcusdt***
2021-08-29 01:04:57 [INFO] - [Sub][0] Connecting...
2021-08-29 01:04:58 [INFO] - [Sub][0] Connected to server
2021-08-29 01:21:35 [INFO] - [Sub] Connection [id: 0] created for ***Aggregate Trade for btcusdt***
2021-08-29 01:21:35 [INFO] - [Sub][0] Connecting...
2021-08-29 01:21:36 [INFO] - [Sub][0] Connected to server
2021-08-29 02:38:31 [WARN] - [Sub][0] No response from server
2021-08-29 02:38:31 [WARN] - [Sub][0] Reconnecting after 15 seconds later
2021-08-29 02:38:31 [ERROR] - [Sub][0] Unexpected error: Socket closed
2021-08-29 02:38:47 [INFO] - [Sub][0] Connecting...
2021-08-29 02:38:47 [INFO] - [Sub][0] Connected to server
2021-08-29 03:39:11 [WARN] - [Sub][0] No response from server
2021-08-29 03:39:11 [WARN] - [Sub][0] Reconnecting after 15 seconds later
2021-08-29 03:39:11 [ERROR] - [Sub][0] Unexpected error: Socket closed
2021-08-29 03:39:27 [INFO] - [Sub][0] Connecting...
2021-08-29 03:39:28 [INFO] - [Sub][0] Connected to server
2021-08-29 03:48:15 [WARN] - [Sub][0] No response from server
2021-08-29 03:48:15 [WARN] - [Sub][0] Reconnecting after 15 seconds later
2021-08-29 03:48:15 [ERROR] - [Sub][0] Unexpected error: Socket closed
2021-08-29 03:48:31 [INFO] - [Sub][0] Connecting...
2021-08-29 03:48:32 [INFO] - [Sub][0] Connected to server
2021-08-29 03:53:46 [WARN] - [Sub][0] No response from server
2021-08-29 03:53:46 [WARN] - [Sub][0] Reconnecting after 15 seconds later
2021-08-29 03:53:46 [ERROR] - [Sub][0] Unexpected error: Socket closed
2021-08-29 04:11:37 [INFO] - [Sub][0] Connecting...
2021-08-29 04:11:37 [INFO] - [Sub][0] Connected to server
2021-08-29 04:32:01 [WARN] - [Sub][0] No response from server
2021-08-29 04:32:01 [WARN] - [Sub][0] Reconnecting after 15 seconds later
2021-08-29 04:32:01 [ERROR] - [Sub][0] Unexpected error: Socket closed
2021-08-29 04:36:53 [INFO] - [Sub][0] Connecting...
2021-08-29 04:36:54 [INFO] - [Sub][0] Connected to server
2021-08-29 05:21:58 [WARN] - [Sub][0] No response from server
2021-08-29 05:21:58 [WARN] - [Sub][0] Reconnecting after 15 seconds later
2021-08-29 05:21:58 [ERROR] - [Sub][0] Unexpected error: Socket closed
2021-08-29 05:30:29 [INFO] - [Sub][0] Connecting...
2021-08-29 05:30:29 [INFO] - [Sub][0] Connected to server
2021-08-29 05:54:57 [WARN] - [Sub][0] No response from server
2021-08-29 05:54:57 [WARN] - [Sub][0] Reconnecting after 15 seconds later
2021-08-29 05:54:57 [ERROR] - [Sub][0] Unexpected error: Socket closed
2021-08-29 05:59:56 [INFO] - [Sub][0] Connecting...
2021-08-29 05:59:57 [INFO] - [Sub][0] Connected to server
2021-08-29 06:05:34 [WARN] - [Sub][0] No response from server
2021-08-29 06:05:34 [WARN] - [Sub][0] Reconnecting after 15 seconds later
2021-08-29 06:05:34 [ERROR] - [Sub][0] Unexpected error: Socket closed
2021-08-29 06:05:50 [INFO] - [Sub][0] Connecting...
2021-08-29 06:05:51 [INFO] - [Sub][0] Connected to server
2021-08-29 06:27:50 [WARN] - [Sub][0] No response from server
2021-08-29 06:27:50 [WARN] - [Sub][0] Reconnecting after 15 seconds later
2021-08-29 06:27:50 [ERROR] - [Sub][0] Unexpected error: Socket closed
2021-08-29 06:32:06 [INFO] - [Sub][0] Connecting...
2021-08-29 06:32:07 [INFO] - [Sub][0] Connected to server
2021-08-29 06:39:40 [WARN] - [Sub][0] No response from server
2021-08-29 06:39:40 [WARN] - [Sub][0] Reconnecting after 15 seconds later
2021-08-29 06:39:40 [ERROR] - [Sub][0] Unexpected error: Socket closed
2021-08-29 06:39:56 [INFO] - [Sub][0] Connecting...
2021-08-29 06:39:56 [INFO] - [Sub][0] Connected to server
2021-08-29 07:00:59 [WARN] - [Sub][0] No response from server
2021-08-29 07:00:59 [WARN] - [Sub][0] Reconnecting after 15 seconds later
2021-08-29 07:00:59 [ERROR] - [Sub][0] Unexpected error: Socket closed
2021-08-29 07:50:28 [INFO] - [Sub][0] Connecting...
2021-08-29 07:50:29 [INFO] - [Sub][0] Connecting...
2021-08-29 07:50:30 [INFO] - [Sub][0] Connecting...
2021-08-29 07:50:30 [INFO] - [Sub][0] Connected to server
2021-08-29 07:50:30 [INFO] - [Sub][0] Connected to server
2021-08-29 07:50:30 [INFO] - [Sub][0] Connected to server
2021-08-29 08:05:53 [WARN] - [Sub][0] No response from server
2021-08-29 08:05:53 [WARN] - [Sub][0] Reconnecting after 15 seconds later
2021-08-29 08:05:53 [ERROR] - [Sub][0] Unexpected error: Socket closed
2021-08-29 08:55:24 [INFO] - [Sub][0] Connecting...
2021-08-29 08:55:25 [INFO] - [Sub][0] Connecting...
2021-08-29 08:55:26 [INFO] - [Sub][0] Connected to server
2021-08-29 08:55:26 [INFO] - [Sub][0] Connected to server
2021-08-29 09:27:38 [WARN] - [Sub][0] No response from server
2021-08-29 09:27:39 [WARN] - [Sub][0] Reconnecting after 15 seconds later
2021-08-29 09:27:39 [ERROR] - [Sub][0] Unexpected error: Socket closed
2021-08-29 09:38:10 [INFO] - [Sub][0] Connecting...
2021-08-29 09:38:11 [INFO] - [Sub][0] Connected to server
2021-08-29 09:55:57 [WARN] - [Sub][0] No response from server
2021-08-29 09:55:57 [WARN] - [Sub][0] Reconnecting after 15 seconds later
2021-08-29 09:55:57 [ERROR] - [Sub][0] Unexpected error: Socket closed
2021-08-29 10:13:34 [INFO] - [Sub][0] Connecting...
2021-08-29 10:13:35 [INFO] - [Sub][0] Connecting...
2021-08-29 10:13:36 [INFO] - [Sub][0] Connected to server
2021-08-29 10:13:36 [INFO] - [Sub][0] Connected to server
2021-08-29 10:21:43 [WARN] - [Sub][0] No response from server
2021-08-29 10:21:43 [WARN] - [Sub][0] Reconnecting after 15 seconds later
2021-08-29 10:21:43 [ERROR] - [Sub][0] Unexpected error: Socket closed
2021-08-29 10:21:59 [INFO] - [Sub][0] Connecting...
2021-08-29 10:22:00 [INFO] - [Sub][0] Connected to server
2021-08-29 10:45:34 [WARN] - [Sub][0] No response from server
2021-08-29 10:45:34 [WARN] - [Sub][0] Reconnecting after 15 seconds later
2021-08-29 10:45:34 [ERROR] - [Sub][0] Unexpected error: Socket closed
2021-08-29 11:37:10 [INFO] - [Sub][0] Connecting...
2021-08-29 11:37:11 [INFO] - [Sub][0] Connecting...
2021-08-29 11:37:12 [INFO] - [Sub][0] Connected to server
2021-08-29 11:53:20 [WARN] - [Sub][0] No response from server
2021-08-29 11:53:20 [WARN] - [Sub][0] Reconnecting after 15 seconds later
2021-08-29 11:53:20 [ERROR] - [Sub][0] Unexpected error: Socket closed
2021-08-29 12:42:49 [ERROR] - [Sub][0] Unexpected error: Read timed out
2021-08-29 12:42:52 [ERROR] - [Sub][0] Unexpected error: null
2021-08-29 12:42:52 [ERROR] - [Sub][0] Unexpected error: null
2021-08-29 12:52:29 [INFO] - [Sub][0] Connecting...
2021-08-29 12:52:29 [INFO] - [Sub][0] Connected to server
2021-08-29 12:52:43 [ERROR] - [Sub][0] Unexpected error: null
2021-08-29 12:52:43 [ERROR] - [Sub][0] Connection is closing due to error
2021-08-29 12:52:43 [ERROR] - [Sub][0] Unexpected error: Socket closed
2021-08-29 12:52:43 [ERROR] - [Sub][0] Connection is closing due to error
2021-08-29 12:52:44 [WARN] - [Sub][0] Reconnecting after 15 seconds later
2021-08-29 12:53:00 [INFO] - [Sub][0] Connecting...
2021-08-29 12:53:00 [INFO] - [Sub][0] Connected to server
2021-08-29 12:56:02 [ERROR] - [Sub][0] Unexpected error: null
2021-08-29 12:56:02 [ERROR] - [Sub][0] Connection is closing due to error
2021-08-29 12:56:02 [ERROR] - [Sub][0] Unexpected error: Socket closed
2021-08-29 12:56:02 [ERROR] - [Sub][0] Connection is closing due to error
2021-08-29 12:56:03 [WARN] - [Sub][0] Reconnecting after 15 seconds later
2021-08-29 12:56:19 [INFO] - [Sub][0] Connecting...
2021-08-29 12:56:19 [INFO] - [Sub][0] Connected to server
2021-08-29 21:18:27 [INFO] - [Sub] Connection [id: 0] created for ***Aggregate Trade for btcusdt***
2021-08-29 21:18:27 [INFO] - [Sub][0] Connecting...
2021-08-29 21:18:29 [INFO] - [Sub][0] Connected to server
2021-08-29 21:38:56 [WARN] - [Sub][0] No response from server
2021-08-29 21:38:56 [WARN] - [Sub][0] Reconnecting after 15 seconds later
2021-08-29 21:38:56 [ERROR] - [Sub][0] Unexpected error: Socket closed
2021-08-29 21:39:12 [INFO] - [Sub][0] Connecting...
2021-08-29 21:39:12 [INFO] - [Sub][0] Connected to server
2021-08-29 21:44:24 [WARN] - [Sub][0] No response from server
2021-08-29 21:44:24 [WARN] - [Sub][0] Reconnecting after 15 seconds later
2021-08-29 21:44:24 [ERROR] - [Sub][0] Unexpected error: Socket closed
2021-08-29 21:44:40 [INFO] - [Sub][0] Connecting...
2021-08-29 21:44:40 [INFO] - [Sub][0] Connected to server
